In dir: /home/soheil/Sync/umaine/bnn/code/control_lth/output/test/resnet18/CIFAR10/no_cntr/11-39/
control_epoch: 1
control_iteration:
- 1
control_layer:
- 1
- 2
- 3
- 4
- 5
control_on: 0
control_type: 1
exper_acc_thrd: 95
exper_gpu_id: 0
exper_imp_total_iter: 5
exper_num_trial: 1
exper_prune_perc_per_layer: 0.1
exper_type: test
net_arch: resnet18
net_batch_size: 64
net_dataset: CIFAR10
net_lr: 0.1
net_pretrained: 1
net_train_epochs: 50
net_train_per_epoch: 2
net_warmup: 10
net_weight_decay: 0.0005

2024-03-17 11:39:34,666 - Using cuda:0 device
2024-03-17 11:39:34,719 - Name of the Cuda Device: NVIDIA RTX A5000
2024-03-17 11:39:34,720 - ####### In efficiency experiemnt #######
2024-03-17 11:39:34,720 - In experiment 0 / 1
Files already downloaded and verified
Files already downloaded and verified
2024-03-17 11:39:35,998 - Training...
2024-03-17 11:40:31,423 - Epoch 1 accuracy: 85.6%
2024-03-17 11:41:26,024 - Epoch 2 accuracy: 94.1%
2024-03-17 11:42:20,491 - Epoch 3 accuracy: 96.6%
2024-03-17 11:43:15,520 - Epoch 4 accuracy: 97.7%
2024-03-17 11:44:10,717 - Epoch 5 accuracy: 98.0%
2024-03-17 11:45:05,507 - Epoch 6 accuracy: 98.6%
2024-03-17 11:46:01,037 - Epoch 7 accuracy: 98.9%
2024-03-17 11:46:55,517 - Epoch 8 accuracy: 98.6%
2024-03-17 11:47:51,093 - Epoch 9 accuracy: 98.8%
2024-03-17 11:48:46,003 - Epoch 10 accuracy: 98.9%
  0%|          | 0/5 [00:00<?, ?it/s]2024-03-17 11:48:46,316 - [1/5] IMP loop
2024-03-17 11:48:46,330 - Compression level: 100.0
2024-03-17 11:48:46,330 - Training iteration 0 / 50
2024-03-17 11:48:46,330 - Training...
2024-03-17 11:49:41,630 - Epoch 1 accuracy: 99.4%
2024-03-17 11:50:36,534 - Epoch 2 accuracy: 99.5%
2024-03-17 11:50:36,535 - Testing
2024-03-17 11:50:47,406 - Test accuracy: 93.3%, Avg loss: 0.23
2024-03-17 11:50:47,407 - Training iteration 1 / 50
2024-03-17 11:50:47,407 - Training...
2024-03-17 11:51:42,553 - Epoch 1 accuracy: 99.4%
2024-03-17 11:52:38,055 - Epoch 2 accuracy: 98.6%
2024-03-17 11:52:38,055 - Testing
2024-03-17 11:52:49,182 - Test accuracy: 87.4%, Avg loss: 0.48
2024-03-17 11:52:49,183 - Training iteration 2 / 50
2024-03-17 11:52:49,184 - Training...
2024-03-17 11:53:44,709 - Epoch 1 accuracy: 98.5%
2024-03-17 11:54:39,973 - Epoch 2 accuracy: 98.7%
2024-03-17 11:54:39,974 - Testing
2024-03-17 11:54:51,035 - Test accuracy: 92.0%, Avg loss: 0.27
2024-03-17 11:54:51,036 - Training iteration 3 / 50
2024-03-17 11:54:51,037 - Training...
2024-03-17 11:55:46,349 - Epoch 1 accuracy: 99.1%
2024-03-17 11:56:41,598 - Epoch 2 accuracy: 99.2%
2024-03-17 11:56:41,599 - Testing
2024-03-17 11:56:52,699 - Test accuracy: 66.0%, Avg loss: 2.45
2024-03-17 11:56:52,700 - Training iteration 4 / 50
2024-03-17 11:56:52,700 - Training...
2024-03-17 11:57:48,131 - Epoch 1 accuracy: 98.9%
2024-03-17 11:58:43,441 - Epoch 2 accuracy: 99.0%
2024-03-17 11:58:43,441 - Testing
2024-03-17 11:58:54,561 - Test accuracy: 77.0%, Avg loss: 0.99
2024-03-17 11:58:54,562 - Training iteration 5 / 50
2024-03-17 11:58:54,562 - Training...
2024-03-17 11:59:50,452 - Epoch 1 accuracy: 99.4%
2024-03-17 12:00:45,892 - Epoch 2 accuracy: 99.6%
2024-03-17 12:00:45,892 - Testing
2024-03-17 12:00:56,871 - Test accuracy: 91.8%, Avg loss: 0.28
2024-03-17 12:00:56,872 - Training iteration 6 / 50
2024-03-17 12:00:56,873 - Training...
2024-03-17 12:01:52,392 - Epoch 1 accuracy: 99.2%
2024-03-17 12:02:48,162 - Epoch 2 accuracy: 98.7%
2024-03-17 12:02:48,162 - Testing
2024-03-17 12:02:59,113 - Test accuracy: 91.5%, Avg loss: 0.28
2024-03-17 12:02:59,114 - Training iteration 7 / 50
2024-03-17 12:02:59,114 - Training...
2024-03-17 12:03:54,470 - Epoch 1 accuracy: 98.5%
2024-03-17 12:04:49,900 - Epoch 2 accuracy: 99.4%
2024-03-17 12:04:49,900 - Testing
2024-03-17 12:05:00,929 - Test accuracy: 92.8%, Avg loss: 0.25
2024-03-17 12:05:00,930 - Training iteration 8 / 50
2024-03-17 12:05:00,930 - Training...
2024-03-17 12:05:56,376 - Epoch 1 accuracy: 99.8%
2024-03-17 12:06:51,889 - Epoch 2 accuracy: 99.9%
2024-03-17 12:06:51,890 - Testing
2024-03-17 12:07:02,871 - Test accuracy: 40.5%, Avg loss: 6.46
2024-03-17 12:07:02,872 - Training iteration 9 / 50
2024-03-17 12:07:02,872 - Training...
2024-03-17 12:07:58,323 - Epoch 1 accuracy: 98.9%
2024-03-17 12:08:53,631 - Epoch 2 accuracy: 97.8%
2024-03-17 12:08:53,632 - Testing
2024-03-17 12:09:04,649 - Test accuracy: 90.6%, Avg loss: 0.31
2024-03-17 12:09:04,650 - Training iteration 10 / 50
2024-03-17 12:09:04,651 - Training...
2024-03-17 12:10:00,353 - Epoch 1 accuracy: 99.0%
2024-03-17 12:10:55,647 - Epoch 2 accuracy: 98.5%
2024-03-17 12:10:55,648 - Testing
2024-03-17 12:11:06,684 - Test accuracy: 72.0%, Avg loss: 1.51
2024-03-17 12:11:06,685 - Training iteration 11 / 50
2024-03-17 12:11:06,685 - Training...
2024-03-17 12:12:02,458 - Epoch 1 accuracy: 99.2%
2024-03-17 12:12:57,839 - Epoch 2 accuracy: 99.8%
2024-03-17 12:12:57,839 - Testing
2024-03-17 12:13:08,999 - Test accuracy: 94.0%, Avg loss: 0.20
2024-03-17 12:13:08,999 - Training iteration 12 / 50
2024-03-17 12:13:09,000 - Training...
2024-03-17 12:14:04,339 - Epoch 1 accuracy: 100.0%
2024-03-17 12:14:59,773 - Epoch 2 accuracy: 100.0%
2024-03-17 12:14:59,773 - Testing
2024-03-17 12:15:10,759 - Test accuracy: 95.2%, Avg loss: 0.15
2024-03-17 12:15:10,760 - Training iteration 13 / 50
2024-03-17 12:15:10,760 - Training...
2024-03-17 12:16:05,947 - Epoch 1 accuracy: 100.0%
2024-03-17 12:17:01,001 - Epoch 2 accuracy: 100.0%
2024-03-17 12:17:01,001 - Testing
2024-03-17 12:17:11,920 - Test accuracy: 95.5%, Avg loss: 0.14
2024-03-17 12:17:11,921 - Training iteration 14 / 50
2024-03-17 12:17:11,922 - Training...
2024-03-17 12:18:07,616 - Epoch 1 accuracy: 100.0%
2024-03-17 12:19:02,713 - Epoch 2 accuracy: 100.0%
2024-03-17 12:19:02,713 - Testing
2024-03-17 12:19:13,816 - Test accuracy: 95.6%, Avg loss: 0.14
2024-03-17 12:19:13,817 - Training iteration 15 / 50
2024-03-17 12:19:13,824 - Training...
2024-03-17 12:20:09,447 - Epoch 1 accuracy: 100.0%
2024-03-17 12:21:05,250 - Epoch 2 accuracy: 100.0%
2024-03-17 12:21:05,251 - Testing
2024-03-17 12:21:16,230 - Test accuracy: 95.7%, Avg loss: 0.14
2024-03-17 12:21:16,230 - Training iteration 16 / 50
2024-03-17 12:21:16,230 - Training...
2024-03-17 12:22:12,045 - Epoch 1 accuracy: 100.0%
2024-03-17 12:23:07,880 - Epoch 2 accuracy: 100.0%
2024-03-17 12:23:07,880 - Testing
2024-03-17 12:23:18,867 - Test accuracy: 95.8%, Avg loss: 0.14
2024-03-17 12:23:18,868 - Training iteration 17 / 50
2024-03-17 12:23:18,868 - Training...
2024-03-17 12:24:14,119 - Epoch 1 accuracy: 100.0%
2024-03-17 12:25:10,070 - Epoch 2 accuracy: 100.0%
2024-03-17 12:25:10,070 - Testing
2024-03-17 12:25:21,134 - Test accuracy: 95.6%, Avg loss: 0.15
2024-03-17 12:25:21,134 - Training iteration 18 / 50
2024-03-17 12:25:21,135 - Training...
2024-03-17 12:26:16,462 - Epoch 1 accuracy: 100.0%
2024-03-17 12:27:11,816 - Epoch 2 accuracy: 100.0%
2024-03-17 12:27:11,817 - Testing
2024-03-17 12:27:22,713 - Test accuracy: 61.5%, Avg loss: 1.69
2024-03-17 12:27:22,714 - Training iteration 19 / 50
2024-03-17 12:27:22,714 - Training...
2024-03-17 12:28:18,046 - Epoch 1 accuracy: 86.9%
2024-03-17 12:29:13,379 - Epoch 2 accuracy: 95.0%
2024-03-17 12:29:13,380 - Testing
2024-03-17 12:29:24,507 - Test accuracy: 49.5%, Avg loss: 2.77
2024-03-17 12:29:24,508 - Training iteration 20 / 50
2024-03-17 12:29:24,508 - Training...
2024-03-17 12:30:19,942 - Epoch 1 accuracy: 97.2%
2024-03-17 12:31:15,804 - Epoch 2 accuracy: 98.2%
2024-03-17 12:31:15,804 - Testing
2024-03-17 12:31:26,903 - Test accuracy: 88.1%, Avg loss: 0.38
2024-03-17 12:31:26,904 - Training iteration 21 / 50
2024-03-17 12:31:26,904 - Training...
2024-03-17 12:32:22,297 - Epoch 1 accuracy: 98.7%
2024-03-17 12:33:18,222 - Epoch 2 accuracy: 99.2%
2024-03-17 12:33:18,223 - Testing
2024-03-17 12:33:29,326 - Test accuracy: 89.7%, Avg loss: 0.35
2024-03-17 12:33:29,327 - Training iteration 22 / 50
2024-03-17 12:33:29,327 - Training...
2024-03-17 12:34:24,993 - Epoch 1 accuracy: 99.4%
2024-03-17 12:35:20,397 - Epoch 2 accuracy: 99.3%
2024-03-17 12:35:20,397 - Testing
2024-03-17 12:35:31,575 - Test accuracy: 87.5%, Avg loss: 0.43
2024-03-17 12:35:31,576 - Training iteration 23 / 50
2024-03-17 12:35:31,576 - Training...
2024-03-17 12:36:27,284 - Epoch 1 accuracy: 98.8%
2024-03-17 12:37:22,708 - Epoch 2 accuracy: 98.6%
2024-03-17 12:37:22,708 - Testing
2024-03-17 12:37:33,844 - Test accuracy: 57.3%, Avg loss: 2.37
2024-03-17 12:37:33,845 - Training iteration 24 / 50
2024-03-17 12:37:33,853 - Training...
2024-03-17 12:38:29,259 - Epoch 1 accuracy: 99.1%
2024-03-17 12:39:25,102 - Epoch 2 accuracy: 99.2%
2024-03-17 12:39:25,102 - Testing
2024-03-17 12:39:36,075 - Test accuracy: 28.3%, Avg loss: 5.73
2024-03-17 12:39:36,076 - Training iteration 25 / 50
2024-03-17 12:39:36,076 - Training...
2024-03-17 12:40:31,622 - Epoch 1 accuracy: 99.0%
2024-03-17 12:41:27,657 - Epoch 2 accuracy: 99.6%
2024-03-17 12:41:27,658 - Testing
2024-03-17 12:41:38,608 - Test accuracy: 66.0%, Avg loss: 1.75
2024-03-17 12:41:38,609 - Training iteration 26 / 50
2024-03-17 12:41:38,609 - Training...
2024-03-17 12:42:34,084 - Epoch 1 accuracy: 99.8%
2024-03-17 12:43:29,905 - Epoch 2 accuracy: 99.9%
2024-03-17 12:43:29,905 - Testing
2024-03-17 12:43:41,051 - Test accuracy: 93.2%, Avg loss: 0.23
2024-03-17 12:43:41,052 - Training iteration 27 / 50
2024-03-17 12:43:41,053 - Training...
2024-03-17 12:44:36,609 - Epoch 1 accuracy: 99.9%
2024-03-17 12:45:32,441 - Epoch 2 accuracy: 100.0%
2024-03-17 12:45:32,441 - Testing
2024-03-17 12:45:43,526 - Test accuracy: 94.4%, Avg loss: 0.18
2024-03-17 12:45:43,527 - Training iteration 28 / 50
2024-03-17 12:45:43,527 - Training...
2024-03-17 12:46:39,337 - Epoch 1 accuracy: 100.0%
2024-03-17 12:47:35,089 - Epoch 2 accuracy: 100.0%
2024-03-17 12:47:35,089 - Testing
2024-03-17 12:47:46,158 - Test accuracy: 94.6%, Avg loss: 0.17
2024-03-17 12:47:46,159 - Training iteration 29 / 50
2024-03-17 12:47:46,159 - Training...
2024-03-17 12:48:41,917 - Epoch 1 accuracy: 100.0%
2024-03-17 12:49:38,021 - Epoch 2 accuracy: 100.0%
2024-03-17 12:49:38,021 - Testing
2024-03-17 12:49:49,239 - Test accuracy: 94.7%, Avg loss: 0.17
2024-03-17 12:49:49,239 - Training iteration 30 / 50
2024-03-17 12:49:49,240 - Training...
2024-03-17 12:50:45,073 - Epoch 1 accuracy: 100.0%
2024-03-17 12:51:40,814 - Epoch 2 accuracy: 100.0%
2024-03-17 12:51:40,814 - Testing
2024-03-17 12:51:51,798 - Test accuracy: 94.8%, Avg loss: 0.17
2024-03-17 12:51:51,799 - Training iteration 31 / 50
2024-03-17 12:51:51,800 - Training...
2024-03-17 12:52:47,715 - Epoch 1 accuracy: 100.0%
2024-03-17 12:53:43,520 - Epoch 2 accuracy: 100.0%
2024-03-17 12:53:43,521 - Testing
2024-03-17 12:53:54,571 - Test accuracy: 94.9%, Avg loss: 0.17
2024-03-17 12:53:54,572 - Training iteration 32 / 50
2024-03-17 12:53:54,572 - Training...
2024-03-17 12:54:50,653 - Epoch 1 accuracy: 100.0%
2024-03-17 12:55:46,691 - Epoch 2 accuracy: 100.0%
2024-03-17 12:55:46,691 - Testing
2024-03-17 12:55:57,736 - Test accuracy: 94.7%, Avg loss: 0.17
2024-03-17 12:55:57,737 - Training iteration 33 / 50
2024-03-17 12:55:57,738 - Training...
2024-03-17 12:56:53,395 - Epoch 1 accuracy: 100.0%
2024-03-17 12:57:49,550 - Epoch 2 accuracy: 91.7%
2024-03-17 12:57:49,550 - Testing
2024-03-17 12:58:00,689 - Test accuracy: 37.0%, Avg loss: 3.81
2024-03-17 12:58:00,690 - Training iteration 34 / 50
2024-03-17 12:58:00,690 - Training...
2024-03-17 12:58:57,140 - Epoch 1 accuracy: 92.0%
2024-03-17 12:59:52,881 - Epoch 2 accuracy: 96.5%
2024-03-17 12:59:52,882 - Testing
2024-03-17 13:00:03,941 - Test accuracy: 54.9%, Avg loss: 2.04
2024-03-17 13:00:03,941 - Training iteration 35 / 50
2024-03-17 13:00:03,948 - Training...
2024-03-17 13:00:59,846 - Epoch 1 accuracy: 98.0%
2024-03-17 13:01:55,620 - Epoch 2 accuracy: 98.4%
2024-03-17 13:01:55,620 - Testing
2024-03-17 13:02:06,701 - Test accuracy: 81.8%, Avg loss: 0.91
2024-03-17 13:02:06,702 - Training iteration 36 / 50
2024-03-17 13:02:06,702 - Training...
2024-03-17 13:03:02,302 - Epoch 1 accuracy: 99.1%
2024-03-17 13:03:57,886 - Epoch 2 accuracy: 99.1%
2024-03-17 13:03:57,887 - Testing
2024-03-17 13:04:09,106 - Test accuracy: 86.7%, Avg loss: 0.49
2024-03-17 13:04:09,106 - Training iteration 37 / 50
2024-03-17 13:04:09,107 - Training...
2024-03-17 13:05:05,457 - Epoch 1 accuracy: 99.7%
2024-03-17 13:06:01,582 - Epoch 2 accuracy: 99.9%
2024-03-17 13:06:01,582 - Testing
2024-03-17 13:06:12,785 - Test accuracy: 93.3%, Avg loss: 0.22
2024-03-17 13:06:12,786 - Training iteration 38 / 50
2024-03-17 13:06:12,786 - Training...
2024-03-17 13:07:07,982 - Epoch 1 accuracy: 100.0%
2024-03-17 13:08:03,604 - Epoch 2 accuracy: 100.0%
2024-03-17 13:08:03,604 - Testing
2024-03-17 13:08:14,636 - Test accuracy: 94.1%, Avg loss: 0.19
2024-03-17 13:08:14,637 - Training iteration 39 / 50
2024-03-17 13:08:14,638 - Training...
2024-03-17 13:09:10,625 - Epoch 1 accuracy: 100.0%
2024-03-17 13:10:06,456 - Epoch 2 accuracy: 100.0%
2024-03-17 13:10:06,457 - Testing
2024-03-17 13:10:17,709 - Test accuracy: 94.3%, Avg loss: 0.18
2024-03-17 13:10:17,710 - Training iteration 40 / 50
2024-03-17 13:10:17,710 - Training...
2024-03-17 13:11:13,361 - Epoch 1 accuracy: 100.0%
2024-03-17 13:12:08,834 - Epoch 2 accuracy: 100.0%
2024-03-17 13:12:08,834 - Testing
2024-03-17 13:12:19,969 - Test accuracy: 94.1%, Avg loss: 0.19
2024-03-17 13:12:19,970 - Training iteration 41 / 50
2024-03-17 13:12:19,970 - Training...
2024-03-17 13:13:15,792 - Epoch 1 accuracy: 100.0%
2024-03-17 13:14:11,274 - Epoch 2 accuracy: 100.0%
2024-03-17 13:14:11,275 - Testing
2024-03-17 13:14:22,400 - Test accuracy: 92.4%, Avg loss: 0.24
2024-03-17 13:14:22,401 - Training iteration 42 / 50
2024-03-17 13:14:22,402 - Training...
2024-03-17 13:15:18,074 - Epoch 1 accuracy: 100.0%
2024-03-17 13:16:14,186 - Epoch 2 accuracy: 100.0%
2024-03-17 13:16:14,187 - Testing
2024-03-17 13:16:25,165 - Test accuracy: 92.7%, Avg loss: 0.24
2024-03-17 13:16:25,166 - Training iteration 43 / 50
2024-03-17 13:16:25,166 - Training...
2024-03-17 13:17:21,103 - Epoch 1 accuracy: 100.0%
2024-03-17 13:18:16,588 - Epoch 2 accuracy: 100.0%
2024-03-17 13:18:16,588 - Testing
2024-03-17 13:18:27,672 - Test accuracy: 94.3%, Avg loss: 0.18
2024-03-17 13:18:27,673 - Training iteration 44 / 50
2024-03-17 13:18:27,674 - Training...
2024-03-17 13:19:23,871 - Epoch 1 accuracy: 100.0%
2024-03-17 13:20:20,059 - Epoch 2 accuracy: 100.0%
2024-03-17 13:20:20,060 - Testing
2024-03-17 13:20:31,231 - Test accuracy: 94.4%, Avg loss: 0.18
2024-03-17 13:20:31,232 - Training iteration 45 / 50
2024-03-17 13:20:31,232 - Training...
2024-03-17 13:21:27,010 - Epoch 1 accuracy: 100.0%
2024-03-17 13:22:22,628 - Epoch 2 accuracy: 82.5%
2024-03-17 13:22:22,628 - Testing
2024-03-17 13:22:33,793 - Test accuracy: 22.6%, Avg loss: 5.21
2024-03-17 13:22:33,793 - Training iteration 46 / 50
2024-03-17 13:22:33,801 - Training...
2024-03-17 13:23:30,287 - Epoch 1 accuracy: 89.4%
2024-03-17 13:24:26,489 - Epoch 2 accuracy: 95.5%
2024-03-17 13:24:26,490 - Testing
2024-03-17 13:24:37,597 - Test accuracy: 75.6%, Avg loss: 0.85
2024-03-17 13:24:37,597 - Training iteration 47 / 50
2024-03-17 13:24:37,598 - Training...
2024-03-17 13:25:33,756 - Epoch 1 accuracy: 97.4%
2024-03-17 13:26:29,239 - Epoch 2 accuracy: 98.3%
2024-03-17 13:26:29,239 - Testing
2024-03-17 13:26:40,383 - Test accuracy: 65.1%, Avg loss: 1.66
2024-03-17 13:26:40,383 - Training iteration 48 / 50
2024-03-17 13:26:40,384 - Training...
2024-03-17 13:27:36,379 - Epoch 1 accuracy: 98.8%
2024-03-17 13:28:32,136 - Epoch 2 accuracy: 99.3%
2024-03-17 13:28:32,137 - Testing
2024-03-17 13:28:43,251 - Test accuracy: 85.7%, Avg loss: 0.51
2024-03-17 13:28:43,252 - Training iteration 49 / 50
2024-03-17 13:28:43,252 - Training...
2024-03-17 13:29:38,884 - Epoch 1 accuracy: 99.4%
2024-03-17 13:30:34,718 - Epoch 2 accuracy: 99.9%
2024-03-17 13:30:34,718 - Testing
2024-03-17 13:30:45,716 - Test accuracy: 91.8%, Avg loss: 0.26
2024-03-17 13:30:46,167 - Compute the mean and sd of activations
 20%|██        | 1/5 [1:42:55<6:51:40, 6175.23s/it]2024-03-17 13:31:41,730 - [2/5] IMP loop
2024-03-17 13:31:41,752 - Compression level: 74.7
2024-03-17 13:31:41,752 - Training iteration 0 / 50
2024-03-17 13:31:41,752 - Training...
2024-03-17 13:32:37,046 - Epoch 1 accuracy: 97.4%
2024-03-17 13:33:32,387 - Epoch 2 accuracy: 99.6%
2024-03-17 13:33:32,387 - Testing
2024-03-17 13:33:43,406 - Test accuracy: 94.6%, Avg loss: 0.17
2024-03-17 13:33:43,407 - Training iteration 1 / 50
2024-03-17 13:33:43,407 - Training...
2024-03-17 13:34:38,262 - Epoch 1 accuracy: 100.0%
2024-03-17 13:35:33,069 - Epoch 2 accuracy: 100.0%
2024-03-17 13:35:33,069 - Testing
2024-03-17 13:35:43,974 - Test accuracy: 95.5%, Avg loss: 0.14
2024-03-17 13:35:43,975 - Training iteration 2 / 50
2024-03-17 13:35:43,975 - Training...
2024-03-17 13:36:39,125 - Epoch 1 accuracy: 100.0%
2024-03-17 13:37:34,492 - Epoch 2 accuracy: 100.0%
2024-03-17 13:37:34,493 - Testing
2024-03-17 13:37:45,387 - Test accuracy: 50.6%, Avg loss: 3.05
2024-03-17 13:37:45,388 - Training iteration 3 / 50
2024-03-17 13:37:45,389 - Training...
2024-03-17 13:38:40,582 - Epoch 1 accuracy: 97.8%
2024-03-17 13:39:35,801 - Epoch 2 accuracy: 97.8%
2024-03-17 13:39:35,802 - Testing
2024-03-17 13:39:46,678 - Test accuracy: 57.7%, Avg loss: 2.03
2024-03-17 13:39:46,679 - Training iteration 4 / 50
2024-03-17 13:39:46,679 - Training...
2024-03-17 13:40:41,794 - Epoch 1 accuracy: 98.4%
2024-03-17 13:41:37,005 - Epoch 2 accuracy: 98.5%
2024-03-17 13:41:37,005 - Testing
2024-03-17 13:41:47,987 - Test accuracy: 89.8%, Avg loss: 0.36
2024-03-17 13:41:47,988 - Training iteration 5 / 50
2024-03-17 13:41:47,989 - Training...
2024-03-17 13:42:42,931 - Epoch 1 accuracy: 99.3%
2024-03-17 13:43:38,612 - Epoch 2 accuracy: 98.6%
2024-03-17 13:43:38,612 - Testing
2024-03-17 13:43:49,630 - Test accuracy: 90.4%, Avg loss: 0.32
2024-03-17 13:43:49,631 - Training iteration 6 / 50
2024-03-17 13:43:49,631 - Training...
2024-03-17 13:44:44,844 - Epoch 1 accuracy: 99.3%
2024-03-17 13:45:40,119 - Epoch 2 accuracy: 99.0%
2024-03-17 13:45:40,120 - Testing
2024-03-17 13:45:51,169 - Test accuracy: 93.2%, Avg loss: 0.24
2024-03-17 13:45:51,170 - Training iteration 7 / 50
2024-03-17 13:45:51,171 - Training...
2024-03-17 13:46:46,427 - Epoch 1 accuracy: 99.4%
2024-03-17 13:47:42,421 - Epoch 2 accuracy: 99.1%
2024-03-17 13:47:42,422 - Testing
2024-03-17 13:47:53,551 - Test accuracy: 90.6%, Avg loss: 0.33
2024-03-17 13:47:53,552 - Training iteration 8 / 50
2024-03-17 13:47:53,552 - Training...
2024-03-17 13:48:48,759 - Epoch 1 accuracy: 99.4%
2024-03-17 13:49:43,984 - Epoch 2 accuracy: 99.2%
2024-03-17 13:49:43,984 - Testing
2024-03-17 13:49:55,057 - Test accuracy: 86.7%, Avg loss: 0.49
2024-03-17 13:49:55,058 - Training iteration 9 / 50
2024-03-17 13:49:55,059 - Training...
2024-03-17 13:50:50,833 - Epoch 1 accuracy: 98.0%
