#############################
Tue 05 Mar 2024 01:43:32 PM EST
--net_train_epochs=30 --net_warmup=10
955080
usage: prune.py [-h]
                [--net_arch {vgg11,vgg16,resnet18,alexnet,densenet,googlenet}]
                [--net_pretrained NET_PRETRAINED]
                [--net_dataset {CIFAR10,MNIST,IMAGENET,pmnist,6splitcifar,11splitcifar}]
                [--net_train_epochs NET_TRAIN_EPOCHS]
                [--net_train_per_epoch NET_TRAIN_PER_EPOCH]
                [--net_warmup NET_WARMUP] [--net_lr NET_LR]
                [--net_batch_size NET_BATCH_SIZE]
                [--net_weight_decay NET_WEIGHT_DECAY]
                [--control_on CONTROL_ON]
                [--control_iteration CONTROL_ITERATION]
                [--control_epoch CONTROL_EPOCH]
                [--control_layer CONTROL_LAYER] [--control_type CONTROL_TYPE]
                [--exper_imp_total_iter EXPER_IMP_TOTAL_ITER]
                [--exper_num_trial EXPER_NUM_TRIAL]
                [--exper_acc_thrd EXPER_ACC_THRD]
                [--exper_type {performance,efficiency}]
                [--exper_gpu_id EXPER_GPU_ID]
                [--exper_prune_perc_per_layer EXPER_PRUNE_PERC_PER_LAYER]
prune.py: error: unrecognized arguments: --control.turn=0
