\n#############################
Mon 04 Mar 2024 01:14:00 PM EST
--net.train_epochs=100 --net.warmup=10
Namespace(net=Namespace(arch='resnet18', pretrained=1, dataset='MNIST', train_epochs=100, train_per_epoch=2, warmup=10, lr=0.1, batch_size=64, weight_decay=0.0005), control=Namespace(turn=0, iteration=[1, 2, 3, 4], epoch=1, layer=[1, 2, 3, 4, 5, 6], type=1), exper=Namespace(imp_total_iter=5, num_trial=3, acc_thrd=80, type='performance', gpu_id=1, prune_perc_per_layer=0.1), __default_config__=Path_fr(config.yaml, cwd=/home/soheil/Sync/efficient_pruning/control_lth/src))
2024-03-04 13:14:04,471 - Using cuda:1 device
2024-03-04 13:14:04,504 - Name of the Cuda Device: NVIDIA RTX A6000
2024-03-04 13:14:04,504 - ####### In performance experiment #######
2024-03-04 13:14:04,505 - In experiment 0 / 3
2024-03-04 13:14:07,464 - Warming up the pretrained model
2024-03-04 13:14:07,465 - Training...
2024-03-04 13:16:10,644 - Epoch 1 accuracy: 98.0%
2024-03-04 13:18:10,791 - Epoch 2 accuracy: 99.5%
2024-03-04 13:20:18,080 - Epoch 3 accuracy: 99.7%
2024-03-04 13:22:22,920 - Epoch 4 accuracy: 99.8%
2024-03-04 13:24:27,873 - Epoch 5 accuracy: 99.9%
2024-03-04 13:26:32,987 - Epoch 6 accuracy: 99.9%
2024-03-04 13:28:37,966 - Epoch 7 accuracy: 100.0%
2024-03-04 13:30:43,936 - Epoch 8 accuracy: 100.0%
2024-03-04 13:32:49,927 - Epoch 9 accuracy: 100.0%
2024-03-04 13:34:49,841 - Epoch 10 accuracy: 100.0%
  0%|          | 0/5 [00:00<?, ?it/s]2024-03-04 13:34:50,008 - [1/5] IMP loop
2024-03-04 13:34:50,281 - Compression level: 100.0
2024-03-04 13:34:50,282 - Training iteration 0 / 100
2024-03-04 13:34:50,284 - Training...
2024-03-04 13:36:49,811 - Epoch 1 accuracy: 100.0%
2024-03-04 13:38:49,196 - Epoch 2 accuracy: 100.0%
2024-03-04 13:38:49,196 - Testing
2024-03-04 13:39:09,606 - Test accuracy: 99.6%, Avg loss: 0.01
2024-03-04 13:39:09,608 - Training iteration 1 / 100
2024-03-04 13:39:09,609 - Training...
2024-03-04 13:41:08,385 - Epoch 1 accuracy: 100.0%
2024-03-04 13:43:08,544 - Epoch 2 accuracy: 100.0%
2024-03-04 13:43:08,545 - Testing
2024-03-04 13:43:29,272 - Test accuracy: 99.6%, Avg loss: 0.01
2024-03-04 13:43:29,274 - Training iteration 2 / 100
2024-03-04 13:43:29,275 - Training...
2024-03-04 13:45:30,426 - Epoch 1 accuracy: 100.0%
2024-03-04 13:47:30,226 - Epoch 2 accuracy: 100.0%
2024-03-04 13:47:30,227 - Testing
2024-03-04 13:47:50,517 - Test accuracy: 99.7%, Avg loss: 0.01
2024-03-04 13:47:50,519 - Training iteration 3 / 100
2024-03-04 13:47:50,520 - Training...
2024-03-04 13:49:50,290 - Epoch 1 accuracy: 100.0%
2024-03-04 13:51:50,844 - Epoch 2 accuracy: 100.0%
2024-03-04 13:51:50,844 - Testing
2024-03-04 13:52:11,293 - Test accuracy: 99.6%, Avg loss: 0.01
2024-03-04 13:52:11,295 - Training iteration 4 / 100
2024-03-04 13:52:11,296 - Training...
2024-03-04 13:54:10,990 - Epoch 1 accuracy: 100.0%
2024-03-04 13:56:10,113 - Epoch 2 accuracy: 100.0%
2024-03-04 13:56:10,114 - Testing
2024-03-04 13:56:30,642 - Test accuracy: 99.7%, Avg loss: 0.01
2024-03-04 13:56:30,644 - Training iteration 5 / 100
2024-03-04 13:56:30,645 - Training...
2024-03-04 13:58:30,006 - Epoch 1 accuracy: 100.0%
2024-03-04 14:00:28,915 - Epoch 2 accuracy: 100.0%
2024-03-04 14:00:28,916 - Testing
2024-03-04 14:00:49,512 - Test accuracy: 99.7%, Avg loss: 0.01
2024-03-04 14:00:49,514 - Training iteration 6 / 100
2024-03-04 14:00:49,515 - Training...
2024-03-04 14:02:49,848 - Epoch 1 accuracy: 100.0%
2024-03-04 14:04:51,301 - Epoch 2 accuracy: 100.0%
2024-03-04 14:04:51,302 - Testing
2024-03-04 14:05:12,242 - Test accuracy: 99.6%, Avg loss: 0.01
2024-03-04 14:05:12,244 - Training iteration 7 / 100
2024-03-04 14:05:12,245 - Training...
2024-03-04 14:07:13,444 - Epoch 1 accuracy: 100.0%
2024-03-04 14:09:14,079 - Epoch 2 accuracy: 100.0%
2024-03-04 14:09:14,079 - Testing
2024-03-04 14:09:34,295 - Test accuracy: 99.7%, Avg loss: 0.01
2024-03-04 14:09:34,297 - Training iteration 8 / 100
2024-03-04 14:09:34,298 - Training...
2024-03-04 14:11:33,985 - Epoch 1 accuracy: 100.0%
2024-03-04 14:13:35,359 - Epoch 2 accuracy: 100.0%
2024-03-04 14:13:35,360 - Testing
2024-03-04 14:13:55,938 - Test accuracy: 99.6%, Avg loss: 0.01
2024-03-04 14:13:55,939 - Training iteration 9 / 100
2024-03-04 14:13:55,940 - Training...
2024-03-04 14:15:56,241 - Epoch 1 accuracy: 100.0%
2024-03-04 14:17:58,102 - Epoch 2 accuracy: 100.0%
2024-03-04 14:17:58,103 - Testing
2024-03-04 14:18:18,803 - Test accuracy: 99.6%, Avg loss: 0.01
2024-03-04 14:18:18,805 - Training iteration 10 / 100
2024-03-04 14:18:18,806 - Training...
2024-03-04 14:20:20,006 - Epoch 1 accuracy: 100.0%
2024-03-04 14:22:20,892 - Epoch 2 accuracy: 100.0%
2024-03-04 14:22:20,893 - Testing
2024-03-04 14:22:41,584 - Test accuracy: 99.6%, Avg loss: 0.01
2024-03-04 14:22:41,586 - Training iteration 11 / 100
2024-03-04 14:22:41,587 - Training...
2024-03-04 14:24:42,391 - Epoch 1 accuracy: 100.0%
2024-03-04 14:26:42,429 - Epoch 2 accuracy: 100.0%
2024-03-04 14:26:42,430 - Testing
2024-03-04 14:27:02,940 - Test accuracy: 99.6%, Avg loss: 0.01
2024-03-04 14:27:02,942 - Training iteration 12 / 100
2024-03-04 14:27:02,943 - Training...
2024-03-04 14:29:02,728 - Epoch 1 accuracy: 100.0%
2024-03-04 14:31:02,627 - Epoch 2 accuracy: 100.0%
2024-03-04 14:31:02,628 - Testing
2024-03-04 14:31:23,385 - Test accuracy: 99.6%, Avg loss: 0.01
2024-03-04 14:31:23,387 - Training iteration 13 / 100
2024-03-04 14:31:23,388 - Training...
2024-03-04 14:33:24,033 - Epoch 1 accuracy: 100.0%
2024-03-04 14:35:24,436 - Epoch 2 accuracy: 100.0%
2024-03-04 14:35:24,437 - Testing
2024-03-04 14:35:44,858 - Test accuracy: 99.7%, Avg loss: 0.01
2024-03-04 14:35:44,860 - Training iteration 14 / 100
2024-03-04 14:35:44,861 - Training...
2024-03-04 14:37:43,805 - Epoch 1 accuracy: 100.0%
2024-03-04 14:39:43,855 - Epoch 2 accuracy: 100.0%
2024-03-04 14:39:43,856 - Testing
2024-03-04 14:40:04,271 - Test accuracy: 99.6%, Avg loss: 0.01
2024-03-04 14:40:04,273 - Training iteration 15 / 100
2024-03-04 14:40:04,274 - Training...
2024-03-04 14:42:04,154 - Epoch 1 accuracy: 100.0%
2024-03-04 14:44:03,393 - Epoch 2 accuracy: 100.0%
2024-03-04 14:44:03,394 - Testing
2024-03-04 14:44:23,759 - Test accuracy: 99.7%, Avg loss: 0.01
2024-03-04 14:44:23,761 - Training iteration 16 / 100
2024-03-04 14:44:23,762 - Training...
2024-03-04 14:46:23,401 - Epoch 1 accuracy: 100.0%
2024-03-04 14:48:24,107 - Epoch 2 accuracy: 100.0%
2024-03-04 14:48:24,108 - Testing
2024-03-04 14:48:45,107 - Test accuracy: 99.6%, Avg loss: 0.01
2024-03-04 14:48:45,109 - Training iteration 17 / 100
2024-03-04 14:48:45,110 - Training...
2024-03-04 14:50:46,379 - Epoch 1 accuracy: 100.0%
2024-03-04 14:52:47,072 - Epoch 2 accuracy: 100.0%
2024-03-04 14:52:47,073 - Testing
2024-03-04 14:53:07,647 - Test accuracy: 99.6%, Avg loss: 0.01
2024-03-04 14:53:07,649 - Training iteration 18 / 100
2024-03-04 14:53:07,650 - Training...
2024-03-04 14:55:07,459 - Epoch 1 accuracy: 100.0%
2024-03-04 14:57:07,826 - Epoch 2 accuracy: 100.0%
2024-03-04 14:57:07,827 - Testing
2024-03-04 14:57:28,406 - Test accuracy: 99.6%, Avg loss: 0.01
2024-03-04 14:57:28,408 - Training iteration 19 / 100
2024-03-04 14:57:28,409 - Training...
2024-03-04 14:59:28,531 - Epoch 1 accuracy: 100.0%
2024-03-04 15:01:29,036 - Epoch 2 accuracy: 100.0%
2024-03-04 15:01:29,037 - Testing
2024-03-04 15:01:49,481 - Test accuracy: 99.7%, Avg loss: 0.01
2024-03-04 15:01:49,483 - Training iteration 20 / 100
2024-03-04 15:01:49,484 - Training...
2024-03-04 15:03:49,686 - Epoch 1 accuracy: 100.0%
2024-03-04 15:05:49,891 - Epoch 2 accuracy: 100.0%
2024-03-04 15:05:49,892 - Testing
2024-03-04 15:06:10,326 - Test accuracy: 99.6%, Avg loss: 0.01
2024-03-04 15:06:10,328 - Training iteration 21 / 100
2024-03-04 15:06:10,329 - Training...
2024-03-04 15:08:10,158 - Epoch 1 accuracy: 100.0%
2024-03-04 15:10:09,982 - Epoch 2 accuracy: 100.0%
2024-03-04 15:10:09,982 - Testing
2024-03-04 15:10:30,668 - Test accuracy: 99.7%, Avg loss: 0.01
2024-03-04 15:10:30,670 - Training iteration 22 / 100
2024-03-04 15:10:30,671 - Training...
2024-03-04 15:12:31,275 - Epoch 1 accuracy: 100.0%
2024-03-04 15:14:31,718 - Epoch 2 accuracy: 100.0%
2024-03-04 15:14:31,719 - Testing
2024-03-04 15:14:52,152 - Test accuracy: 99.6%, Avg loss: 0.01
2024-03-04 15:14:52,154 - Training iteration 23 / 100
2024-03-04 15:14:52,155 - Training...
2024-03-04 15:16:52,223 - Epoch 1 accuracy: 100.0%
2024-03-04 15:18:52,532 - Epoch 2 accuracy: 100.0%
2024-03-04 15:18:52,533 - Testing
2024-03-04 15:19:13,220 - Test accuracy: 99.7%, Avg loss: 0.01
2024-03-04 15:19:13,222 - Training iteration 24 / 100
2024-03-04 15:19:13,223 - Training...
2024-03-04 15:21:13,350 - Epoch 1 accuracy: 100.0%
2024-03-04 15:23:13,331 - Epoch 2 accuracy: 100.0%
2024-03-04 15:23:13,332 - Testing
2024-03-04 15:23:33,903 - Test accuracy: 99.7%, Avg loss: 0.01
2024-03-04 15:23:33,905 - Training iteration 25 / 100
2024-03-04 15:23:33,905 - Training...
2024-03-04 15:25:34,008 - Epoch 1 accuracy: 100.0%
2024-03-04 15:27:33,733 - Epoch 2 accuracy: 100.0%
2024-03-04 15:27:33,734 - Testing
2024-03-04 15:27:54,382 - Test accuracy: 99.6%, Avg loss: 0.01
2024-03-04 15:27:54,384 - Training iteration 26 / 100
2024-03-04 15:27:54,385 - Training...
2024-03-04 15:29:54,003 - Epoch 1 accuracy: 100.0%
2024-03-04 15:31:54,740 - Epoch 2 accuracy: 100.0%
2024-03-04 15:31:54,740 - Testing
2024-03-04 15:32:15,120 - Test accuracy: 99.7%, Avg loss: 0.01
2024-03-04 15:32:15,122 - Training iteration 27 / 100
2024-03-04 15:32:15,123 - Training...
2024-03-04 15:34:15,503 - Epoch 1 accuracy: 100.0%
2024-03-04 15:36:15,603 - Epoch 2 accuracy: 100.0%
2024-03-04 15:36:15,604 - Testing
2024-03-04 15:36:36,103 - Test accuracy: 99.6%, Avg loss: 0.01
2024-03-04 15:36:36,105 - Training iteration 28 / 100
2024-03-04 15:36:36,105 - Training...
2024-03-04 15:38:35,968 - Epoch 1 accuracy: 100.0%
2024-03-04 15:40:36,607 - Epoch 2 accuracy: 100.0%
2024-03-04 15:40:36,608 - Testing
2024-03-04 15:40:57,251 - Test accuracy: 99.7%, Avg loss: 0.01
2024-03-04 15:40:57,253 - Training iteration 29 / 100
2024-03-04 15:40:57,254 - Training...
2024-03-04 15:42:57,729 - Epoch 1 accuracy: 100.0%
2024-03-04 15:44:58,059 - Epoch 2 accuracy: 100.0%
2024-03-04 15:44:58,060 - Testing
2024-03-04 15:45:18,661 - Test accuracy: 99.7%, Avg loss: 0.01
2024-03-04 15:45:18,663 - Training iteration 30 / 100
2024-03-04 15:45:18,664 - Training...
2024-03-04 15:47:18,975 - Epoch 1 accuracy: 100.0%
2024-03-04 15:49:18,587 - Epoch 2 accuracy: 100.0%
2024-03-04 15:49:18,587 - Testing
2024-03-04 15:49:39,589 - Test accuracy: 99.6%, Avg loss: 0.01
2024-03-04 15:49:39,591 - Training iteration 31 / 100
2024-03-04 15:49:39,592 - Training...
2024-03-04 15:51:40,021 - Epoch 1 accuracy: 100.0%
2024-03-04 15:53:40,032 - Epoch 2 accuracy: 100.0%
2024-03-04 15:53:40,032 - Testing
2024-03-04 15:54:01,122 - Test accuracy: 99.6%, Avg loss: 0.01
2024-03-04 15:54:01,124 - Training iteration 32 / 100
2024-03-04 15:54:01,125 - Training...
2024-03-04 15:56:01,344 - Epoch 1 accuracy: 100.0%
2024-03-04 15:58:01,991 - Epoch 2 accuracy: 100.0%
2024-03-04 15:58:01,992 - Testing
2024-03-04 15:58:22,714 - Test accuracy: 99.6%, Avg loss: 0.01
2024-03-04 15:58:22,716 - Training iteration 33 / 100
2024-03-04 15:58:22,717 - Training...
2024-03-04 16:00:22,650 - Epoch 1 accuracy: 100.0%
2024-03-04 16:02:22,446 - Epoch 2 accuracy: 100.0%
2024-03-04 16:02:22,447 - Testing
2024-03-04 16:02:42,999 - Test accuracy: 99.7%, Avg loss: 0.01
2024-03-04 16:02:43,001 - Training iteration 34 / 100
2024-03-04 16:02:43,002 - Training...
2024-03-04 16:04:42,818 - Epoch 1 accuracy: 100.0%
2024-03-04 16:06:43,387 - Epoch 2 accuracy: 100.0%
2024-03-04 16:06:43,387 - Testing
2024-03-04 16:07:04,150 - Test accuracy: 99.6%, Avg loss: 0.01
2024-03-04 16:07:04,152 - Training iteration 35 / 100
2024-03-04 16:07:04,153 - Training...
2024-03-04 16:09:04,280 - Epoch 1 accuracy: 100.0%
2024-03-04 16:11:04,043 - Epoch 2 accuracy: 100.0%
2024-03-04 16:11:04,043 - Testing
2024-03-04 16:11:24,822 - Test accuracy: 99.6%, Avg loss: 0.02
2024-03-04 16:11:24,824 - Training iteration 36 / 100
2024-03-04 16:11:24,825 - Training...
2024-03-04 16:13:25,133 - Epoch 1 accuracy: 100.0%
2024-03-04 16:15:25,864 - Epoch 2 accuracy: 100.0%
2024-03-04 16:15:25,865 - Testing
2024-03-04 16:15:46,362 - Test accuracy: 99.7%, Avg loss: 0.01
2024-03-04 16:15:46,364 - Training iteration 37 / 100
2024-03-04 16:15:46,365 - Training...
2024-03-04 16:17:48,196 - Epoch 1 accuracy: 100.0%
2024-03-04 16:19:48,773 - Epoch 2 accuracy: 100.0%
2024-03-04 16:19:48,774 - Testing
2024-03-04 16:20:09,715 - Test accuracy: 99.7%, Avg loss: 0.01
2024-03-04 16:20:09,717 - Training iteration 38 / 100
2024-03-04 16:20:09,718 - Training...
2024-03-04 16:22:10,725 - Epoch 1 accuracy: 100.0%
2024-03-04 16:24:10,958 - Epoch 2 accuracy: 100.0%
2024-03-04 16:24:10,959 - Testing
2024-03-04 16:24:31,945 - Test accuracy: 99.7%, Avg loss: 0.01
2024-03-04 16:24:31,947 - Training iteration 39 / 100
2024-03-04 16:24:31,948 - Training...
2024-03-04 16:26:32,223 - Epoch 1 accuracy: 100.0%
2024-03-04 16:28:33,122 - Epoch 2 accuracy: 100.0%
2024-03-04 16:28:33,123 - Testing
2024-03-04 16:28:53,942 - Test accuracy: 99.6%, Avg loss: 0.02
2024-03-04 16:28:53,944 - Training iteration 40 / 100
2024-03-04 16:28:53,945 - Training...
2024-03-04 16:30:54,407 - Epoch 1 accuracy: 100.0%
2024-03-04 16:32:55,868 - Epoch 2 accuracy: 100.0%
2024-03-04 16:32:55,869 - Testing
2024-03-04 16:33:16,553 - Test accuracy: 99.7%, Avg loss: 0.01
2024-03-04 16:33:16,555 - Training iteration 41 / 100
2024-03-04 16:33:16,556 - Training...
2024-03-04 16:35:16,236 - Epoch 1 accuracy: 100.0%
2024-03-04 16:37:16,125 - Epoch 2 accuracy: 100.0%
2024-03-04 16:37:16,126 - Testing
2024-03-04 16:37:37,228 - Test accuracy: 99.7%, Avg loss: 0.02
2024-03-04 16:37:37,231 - Training iteration 42 / 100
2024-03-04 16:37:37,232 - Training...
2024-03-04 16:39:38,630 - Epoch 1 accuracy: 100.0%
2024-03-04 16:41:40,007 - Epoch 2 accuracy: 100.0%
2024-03-04 16:41:40,008 - Testing
2024-03-04 16:42:00,719 - Test accuracy: 99.6%, Avg loss: 0.02
2024-03-04 16:42:00,721 - Training iteration 43 / 100
2024-03-04 16:42:00,722 - Training...
2024-03-04 16:44:01,322 - Epoch 1 accuracy: 100.0%
2024-03-04 16:46:01,766 - Epoch 2 accuracy: 100.0%
2024-03-04 16:46:01,767 - Testing
2024-03-04 16:46:22,500 - Test accuracy: 99.7%, Avg loss: 0.02
2024-03-04 16:46:22,502 - Training iteration 44 / 100
2024-03-04 16:46:22,503 - Training...
2024-03-04 16:48:22,463 - Epoch 1 accuracy: 100.0%
2024-03-04 16:50:22,887 - Epoch 2 accuracy: 100.0%
2024-03-04 16:50:22,887 - Testing
2024-03-04 16:50:43,582 - Test accuracy: 99.6%, Avg loss: 0.02
2024-03-04 16:50:43,583 - Training iteration 45 / 100
2024-03-04 16:50:43,584 - Training...
2024-03-04 16:52:44,202 - Epoch 1 accuracy: 100.0%
2024-03-04 16:54:44,611 - Epoch 2 accuracy: 100.0%
2024-03-04 16:54:44,611 - Testing
2024-03-04 16:55:05,207 - Test accuracy: 99.6%, Avg loss: 0.01
2024-03-04 16:55:05,209 - Training iteration 46 / 100
2024-03-04 16:55:05,209 - Training...
2024-03-04 16:57:04,892 - Epoch 1 accuracy: 100.0%
2024-03-04 16:59:05,063 - Epoch 2 accuracy: 100.0%
2024-03-04 16:59:05,064 - Testing
2024-03-04 16:59:25,671 - Test accuracy: 99.6%, Avg loss: 0.01
2024-03-04 16:59:25,673 - Training iteration 47 / 100
2024-03-04 16:59:25,674 - Training...
2024-03-04 17:01:26,669 - Epoch 1 accuracy: 100.0%
2024-03-04 17:03:26,802 - Epoch 2 accuracy: 100.0%
2024-03-04 17:03:26,804 - Testing
2024-03-04 17:03:47,698 - Test accuracy: 99.6%, Avg loss: 0.02
2024-03-04 17:03:47,700 - Training iteration 48 / 100
2024-03-04 17:03:47,701 - Training...
2024-03-04 17:05:47,840 - Epoch 1 accuracy: 100.0%
2024-03-04 17:07:48,861 - Epoch 2 accuracy: 100.0%
2024-03-04 17:07:48,862 - Testing
2024-03-04 17:08:09,321 - Test accuracy: 99.7%, Avg loss: 0.02
2024-03-04 17:08:09,323 - Training iteration 49 / 100
2024-03-04 17:08:09,324 - Training...
2024-03-04 17:10:09,898 - Epoch 1 accuracy: 100.0%
2024-03-04 17:12:10,398 - Epoch 2 accuracy: 100.0%
2024-03-04 17:12:10,400 - Testing
2024-03-04 17:12:31,214 - Test accuracy: 99.7%, Avg loss: 0.01
2024-03-04 17:12:31,216 - Training iteration 50 / 100
2024-03-04 17:12:31,217 - Training...
2024-03-04 17:14:30,873 - Epoch 1 accuracy: 100.0%
2024-03-04 17:16:30,784 - Epoch 2 accuracy: 100.0%
2024-03-04 17:16:30,785 - Testing
2024-03-04 17:16:51,853 - Test accuracy: 99.7%, Avg loss: 0.01
2024-03-04 17:16:51,855 - Training iteration 51 / 100
2024-03-04 17:16:51,856 - Training...
2024-03-04 17:18:52,486 - Epoch 1 accuracy: 100.0%
2024-03-04 17:20:52,221 - Epoch 2 accuracy: 100.0%
2024-03-04 17:20:52,221 - Testing
2024-03-04 17:21:12,572 - Test accuracy: 99.6%, Avg loss: 0.01
2024-03-04 17:21:12,574 - Training iteration 52 / 100
2024-03-04 17:21:12,575 - Training...
2024-03-04 17:23:12,143 - Epoch 1 accuracy: 100.0%
2024-03-04 17:25:12,182 - Epoch 2 accuracy: 100.0%
2024-03-04 17:25:12,183 - Testing
2024-03-04 17:25:33,057 - Test accuracy: 99.7%, Avg loss: 0.01
2024-03-04 17:25:33,059 - Training iteration 53 / 100
2024-03-04 17:25:33,060 - Training...
2024-03-04 17:27:34,359 - Epoch 1 accuracy: 100.0%
2024-03-04 17:29:35,947 - Epoch 2 accuracy: 100.0%
2024-03-04 17:29:35,948 - Testing
2024-03-04 17:29:56,789 - Test accuracy: 99.7%, Avg loss: 0.02
2024-03-04 17:29:56,790 - Training iteration 54 / 100
2024-03-04 17:29:56,791 - Training...
2024-03-04 17:31:57,704 - Epoch 1 accuracy: 100.0%
2024-03-04 17:34:00,272 - Epoch 2 accuracy: 100.0%
2024-03-04 17:34:00,273 - Testing
2024-03-04 17:34:20,854 - Test accuracy: 99.7%, Avg loss: 0.02
2024-03-04 17:34:20,856 - Training iteration 55 / 100
2024-03-04 17:34:20,857 - Training...
2024-03-04 17:36:20,299 - Epoch 1 accuracy: 100.0%
2024-03-04 17:38:21,400 - Epoch 2 accuracy: 100.0%
2024-03-04 17:38:21,401 - Testing
2024-03-04 17:38:42,447 - Test accuracy: 99.6%, Avg loss: 0.02
2024-03-04 17:38:42,449 - Training iteration 56 / 100
2024-03-04 17:38:42,450 - Training...
2024-03-04 17:40:43,572 - Epoch 1 accuracy: 100.0%
2024-03-04 17:42:44,231 - Epoch 2 accuracy: 100.0%
2024-03-04 17:42:44,232 - Testing
2024-03-04 17:43:05,152 - Test accuracy: 99.7%, Avg loss: 0.01
2024-03-04 17:43:05,154 - Training iteration 57 / 100
2024-03-04 17:43:05,155 - Training...
2024-03-04 17:45:06,545 - Epoch 1 accuracy: 100.0%
2024-03-04 17:47:07,656 - Epoch 2 accuracy: 100.0%
2024-03-04 17:47:07,657 - Testing
2024-03-04 17:47:28,488 - Test accuracy: 99.7%, Avg loss: 0.02
2024-03-04 17:47:28,490 - Training iteration 58 / 100
2024-03-04 17:47:28,491 - Training...
2024-03-04 17:49:27,936 - Epoch 1 accuracy: 100.0%
2024-03-04 17:51:27,417 - Epoch 2 accuracy: 100.0%
2024-03-04 17:51:27,418 - Testing
2024-03-04 17:51:47,892 - Test accuracy: 99.6%, Avg loss: 0.02
2024-03-04 17:51:47,894 - Training iteration 59 / 100
2024-03-04 17:51:47,895 - Training...
2024-03-04 17:53:47,947 - Epoch 1 accuracy: 100.0%
2024-03-04 17:55:47,827 - Epoch 2 accuracy: 100.0%
2024-03-04 17:55:47,828 - Testing
2024-03-04 17:56:08,402 - Test accuracy: 99.7%, Avg loss: 0.02
2024-03-04 17:56:08,404 - Training iteration 60 / 100
2024-03-04 17:56:08,405 - Training...
2024-03-04 17:58:08,562 - Epoch 1 accuracy: 100.0%
2024-03-04 18:00:08,319 - Epoch 2 accuracy: 100.0%
2024-03-04 18:00:08,320 - Testing
2024-03-04 18:00:29,319 - Test accuracy: 99.7%, Avg loss: 0.02
2024-03-04 18:00:29,321 - Training iteration 61 / 100
2024-03-04 18:00:29,321 - Training...
2024-03-04 18:02:29,567 - Epoch 1 accuracy: 100.0%
2024-03-04 18:04:29,693 - Epoch 2 accuracy: 100.0%
2024-03-04 18:04:29,693 - Testing
2024-03-04 18:04:50,392 - Test accuracy: 99.7%, Avg loss: 0.01
2024-03-04 18:04:50,394 - Training iteration 62 / 100
2024-03-04 18:04:50,395 - Training...
2024-03-04 18:06:50,697 - Epoch 1 accuracy: 100.0%
2024-03-04 18:08:50,402 - Epoch 2 accuracy: 100.0%
2024-03-04 18:08:50,403 - Testing
2024-03-04 18:09:10,989 - Test accuracy: 99.6%, Avg loss: 0.02
2024-03-04 18:09:10,992 - Training iteration 63 / 100
2024-03-04 18:09:10,993 - Training...
2024-03-04 18:11:11,397 - Epoch 1 accuracy: 100.0%
2024-03-04 18:13:11,673 - Epoch 2 accuracy: 100.0%
2024-03-04 18:13:11,674 - Testing
2024-03-04 18:13:32,216 - Test accuracy: 99.7%, Avg loss: 0.01
2024-03-04 18:13:32,218 - Training iteration 64 / 100
2024-03-04 18:13:32,219 - Training...
2024-03-04 18:15:32,104 - Epoch 1 accuracy: 100.0%
2024-03-04 18:17:32,791 - Epoch 2 accuracy: 100.0%
2024-03-04 18:17:32,792 - Testing
2024-03-04 18:17:53,834 - Test accuracy: 99.6%, Avg loss: 0.02
2024-03-04 18:17:53,835 - Training iteration 65 / 100
2024-03-04 18:17:53,836 - Training...
2024-03-04 18:19:54,083 - Epoch 1 accuracy: 100.0%
2024-03-04 18:21:54,543 - Epoch 2 accuracy: 100.0%
2024-03-04 18:21:54,544 - Testing
2024-03-04 18:22:15,065 - Test accuracy: 99.6%, Avg loss: 0.01
2024-03-04 18:22:15,067 - Training iteration 66 / 100
2024-03-04 18:22:15,068 - Training...
2024-03-04 18:24:15,419 - Epoch 1 accuracy: 100.0%
2024-03-04 18:26:15,578 - Epoch 2 accuracy: 100.0%
2024-03-04 18:26:15,579 - Testing
2024-03-04 18:26:36,059 - Test accuracy: 99.7%, Avg loss: 0.02
2024-03-04 18:26:36,061 - Training iteration 67 / 100
2024-03-04 18:26:36,062 - Training...
2024-03-04 18:28:36,338 - Epoch 1 accuracy: 100.0%
2024-03-04 18:30:36,993 - Epoch 2 accuracy: 100.0%
2024-03-04 18:30:36,994 - Testing
2024-03-04 18:30:57,739 - Test accuracy: 99.6%, Avg loss: 0.02
2024-03-04 18:30:57,741 - Training iteration 68 / 100
2024-03-04 18:30:57,742 - Training...
2024-03-04 18:32:58,784 - Epoch 1 accuracy: 100.0%
2024-03-04 18:34:59,361 - Epoch 2 accuracy: 100.0%
2024-03-04 18:34:59,362 - Testing
2024-03-04 18:35:20,705 - Test accuracy: 99.7%, Avg loss: 0.01
2024-03-04 18:35:20,707 - Training iteration 69 / 100
2024-03-04 18:35:20,708 - Training...
2024-03-04 18:37:20,721 - Epoch 1 accuracy: 100.0%
2024-03-04 18:39:21,699 - Epoch 2 accuracy: 100.0%
2024-03-04 18:39:21,700 - Testing
2024-03-04 18:39:42,422 - Test accuracy: 99.7%, Avg loss: 0.02
2024-03-04 18:39:42,423 - Training iteration 70 / 100
2024-03-04 18:39:42,424 - Training...
2024-03-04 18:41:44,221 - Epoch 1 accuracy: 100.0%
2024-03-04 18:43:45,012 - Epoch 2 accuracy: 100.0%
2024-03-04 18:43:45,012 - Testing
2024-03-04 18:44:05,624 - Test accuracy: 99.6%, Avg loss: 0.02
2024-03-04 18:44:05,626 - Training iteration 71 / 100
2024-03-04 18:44:05,627 - Training...
2024-03-04 18:46:05,764 - Epoch 1 accuracy: 100.0%
2024-03-04 18:48:06,975 - Epoch 2 accuracy: 100.0%
2024-03-04 18:48:06,976 - Testing
2024-03-04 18:48:27,715 - Test accuracy: 99.7%, Avg loss: 0.01
2024-03-04 18:48:27,716 - Training iteration 72 / 100
2024-03-04 18:48:27,717 - Training...
2024-03-04 18:50:27,880 - Epoch 1 accuracy: 100.0%
2024-03-04 18:52:28,527 - Epoch 2 accuracy: 100.0%
2024-03-04 18:52:28,528 - Testing
2024-03-04 18:52:49,022 - Test accuracy: 99.6%, Avg loss: 0.01
2024-03-04 18:52:49,024 - Training iteration 73 / 100
2024-03-04 18:52:49,025 - Training...
2024-03-04 18:54:49,679 - Epoch 1 accuracy: 100.0%
2024-03-04 18:56:50,277 - Epoch 2 accuracy: 100.0%
2024-03-04 18:56:50,278 - Testing
2024-03-04 18:57:10,836 - Test accuracy: 99.7%, Avg loss: 0.02
2024-03-04 18:57:10,838 - Training iteration 74 / 100
2024-03-04 18:57:10,839 - Training...
2024-03-04 18:59:11,610 - Epoch 1 accuracy: 100.0%
2024-03-04 19:01:12,014 - Epoch 2 accuracy: 100.0%
2024-03-04 19:01:12,015 - Testing
2024-03-04 19:01:33,608 - Test accuracy: 99.7%, Avg loss: 0.02
2024-03-04 19:01:33,610 - Training iteration 75 / 100
2024-03-04 19:01:33,611 - Training...
2024-03-04 19:03:33,451 - Epoch 1 accuracy: 100.0%
2024-03-04 19:05:33,431 - Epoch 2 accuracy: 100.0%
2024-03-04 19:05:33,432 - Testing
2024-03-04 19:05:54,065 - Test accuracy: 99.7%, Avg loss: 0.02
2024-03-04 19:05:54,067 - Training iteration 76 / 100
2024-03-04 19:05:54,068 - Training...
2024-03-04 19:07:54,582 - Epoch 1 accuracy: 100.0%
2024-03-04 19:09:54,798 - Epoch 2 accuracy: 100.0%
2024-03-04 19:09:54,799 - Testing
2024-03-04 19:10:15,765 - Test accuracy: 99.7%, Avg loss: 0.02
2024-03-04 19:10:15,767 - Training iteration 77 / 100
2024-03-04 19:10:15,768 - Training...
2024-03-04 19:12:16,438 - Epoch 1 accuracy: 100.0%
2024-03-04 19:14:17,425 - Epoch 2 accuracy: 100.0%
2024-03-04 19:14:17,425 - Testing
2024-03-04 19:14:38,006 - Test accuracy: 99.6%, Avg loss: 0.02
2024-03-04 19:14:38,008 - Training iteration 78 / 100
2024-03-04 19:14:38,009 - Training...
2024-03-04 19:16:39,727 - Epoch 1 accuracy: 100.0%
2024-03-04 19:18:39,770 - Epoch 2 accuracy: 100.0%
2024-03-04 19:18:39,771 - Testing
2024-03-04 19:19:00,317 - Test accuracy: 99.6%, Avg loss: 0.02
2024-03-04 19:19:00,319 - Training iteration 79 / 100
2024-03-04 19:19:00,320 - Training...
2024-03-04 19:21:01,364 - Epoch 1 accuracy: 100.0%
2024-03-04 19:23:00,824 - Epoch 2 accuracy: 100.0%
2024-03-04 19:23:00,825 - Testing
2024-03-04 19:23:21,265 - Test accuracy: 99.7%, Avg loss: 0.02
2024-03-04 19:23:21,267 - Training iteration 80 / 100
2024-03-04 19:23:21,268 - Training...
2024-03-04 19:25:21,439 - Epoch 1 accuracy: 100.0%
2024-03-04 19:27:22,223 - Epoch 2 accuracy: 100.0%
2024-03-04 19:27:22,224 - Testing
2024-03-04 19:27:42,755 - Test accuracy: 99.6%, Avg loss: 0.01
2024-03-04 19:27:42,757 - Training iteration 81 / 100
2024-03-04 19:27:42,758 - Training...
2024-03-04 19:29:43,411 - Epoch 1 accuracy: 100.0%
2024-03-04 19:31:43,953 - Epoch 2 accuracy: 100.0%
2024-03-04 19:31:43,954 - Testing
2024-03-04 19:32:04,560 - Test accuracy: 99.7%, Avg loss: 0.02
2024-03-04 19:32:04,562 - Training iteration 82 / 100
2024-03-04 19:32:04,563 - Training...
2024-03-04 19:34:04,023 - Epoch 1 accuracy: 100.0%
2024-03-04 19:36:04,482 - Epoch 2 accuracy: 100.0%
2024-03-04 19:36:04,483 - Testing
2024-03-04 19:36:25,041 - Test accuracy: 99.6%, Avg loss: 0.02
2024-03-04 19:36:25,043 - Training iteration 83 / 100
2024-03-04 19:36:25,044 - Training...
2024-03-04 19:38:25,056 - Epoch 1 accuracy: 100.0%
2024-03-04 19:40:24,797 - Epoch 2 accuracy: 100.0%
2024-03-04 19:40:24,798 - Testing
2024-03-04 19:40:45,280 - Test accuracy: 99.7%, Avg loss: 0.02
2024-03-04 19:40:45,282 - Training iteration 84 / 100
2024-03-04 19:40:45,282 - Training...
2024-03-04 19:42:45,051 - Epoch 1 accuracy: 100.0%
2024-03-04 19:44:45,000 - Epoch 2 accuracy: 100.0%
2024-03-04 19:44:45,001 - Testing
2024-03-04 19:45:05,514 - Test accuracy: 99.7%, Avg loss: 0.01
2024-03-04 19:45:05,515 - Training iteration 85 / 100
2024-03-04 19:45:05,516 - Training...
2024-03-04 19:47:05,934 - Epoch 1 accuracy: 100.0%
2024-03-04 19:49:06,818 - Epoch 2 accuracy: 100.0%
2024-03-04 19:49:06,819 - Testing
2024-03-04 19:49:27,468 - Test accuracy: 99.6%, Avg loss: 0.02
2024-03-04 19:49:27,470 - Training iteration 86 / 100
2024-03-04 19:49:27,471 - Training...
2024-03-04 19:51:28,319 - Epoch 1 accuracy: 100.0%
2024-03-04 19:53:28,664 - Epoch 2 accuracy: 100.0%
2024-03-04 19:53:28,664 - Testing
2024-03-04 19:53:49,117 - Test accuracy: 99.6%, Avg loss: 0.02
2024-03-04 19:53:49,119 - Training iteration 87 / 100
2024-03-04 19:53:49,120 - Training...
2024-03-04 19:55:49,895 - Epoch 1 accuracy: 100.0%
2024-03-04 19:57:49,972 - Epoch 2 accuracy: 100.0%
2024-03-04 19:57:49,973 - Testing
2024-03-04 19:58:10,483 - Test accuracy: 99.7%, Avg loss: 0.02
2024-03-04 19:58:10,485 - Training iteration 88 / 100
2024-03-04 19:58:10,486 - Training...
2024-03-04 20:00:10,613 - Epoch 1 accuracy: 100.0%
2024-03-04 20:02:10,166 - Epoch 2 accuracy: 100.0%
2024-03-04 20:02:10,167 - Testing
2024-03-04 20:02:31,111 - Test accuracy: 99.7%, Avg loss: 0.02
2024-03-04 20:02:31,113 - Training iteration 89 / 100
2024-03-04 20:02:31,114 - Training...
2024-03-04 20:04:33,095 - Epoch 1 accuracy: 100.0%
2024-03-04 20:06:34,942 - Epoch 2 accuracy: 100.0%
2024-03-04 20:06:34,943 - Testing
2024-03-04 20:06:56,237 - Test accuracy: 99.6%, Avg loss: 0.02
2024-03-04 20:06:56,239 - Training iteration 90 / 100
2024-03-04 20:06:56,240 - Training...
2024-03-04 20:08:58,000 - Epoch 1 accuracy: 100.0%
2024-03-04 20:11:00,626 - Epoch 2 accuracy: 100.0%
2024-03-04 20:11:00,626 - Testing
2024-03-04 20:11:21,100 - Test accuracy: 99.6%, Avg loss: 0.01
2024-03-04 20:11:21,102 - Training iteration 91 / 100
2024-03-04 20:11:21,103 - Training...
2024-03-04 20:13:21,328 - Epoch 1 accuracy: 100.0%
2024-03-04 20:15:22,236 - Epoch 2 accuracy: 100.0%
2024-03-04 20:15:22,237 - Testing
2024-03-04 20:15:43,074 - Test accuracy: 99.7%, Avg loss: 0.02
2024-03-04 20:15:43,076 - Training iteration 92 / 100
2024-03-04 20:15:43,077 - Training...
2024-03-04 20:17:43,343 - Epoch 1 accuracy: 100.0%
2024-03-04 20:19:44,006 - Epoch 2 accuracy: 100.0%
2024-03-04 20:19:44,007 - Testing
2024-03-04 20:20:04,295 - Test accuracy: 99.7%, Avg loss: 0.02
2024-03-04 20:20:04,297 - Training iteration 93 / 100
2024-03-04 20:20:04,298 - Training...
2024-03-04 20:22:04,412 - Epoch 1 accuracy: 100.0%
2024-03-04 20:24:04,717 - Epoch 2 accuracy: 100.0%
2024-03-04 20:24:04,718 - Testing
2024-03-04 20:24:25,373 - Test accuracy: 99.6%, Avg loss: 0.02
2024-03-04 20:24:25,374 - Training iteration 94 / 100
2024-03-04 20:24:25,375 - Training...
2024-03-04 20:26:25,571 - Epoch 1 accuracy: 100.0%
2024-03-04 20:28:26,087 - Epoch 2 accuracy: 100.0%
2024-03-04 20:28:26,088 - Testing
2024-03-04 20:28:46,557 - Test accuracy: 99.7%, Avg loss: 0.01
2024-03-04 20:28:46,559 - Training iteration 95 / 100
2024-03-04 20:28:46,560 - Training...
2024-03-04 20:30:46,754 - Epoch 1 accuracy: 100.0%
2024-03-04 20:32:47,226 - Epoch 2 accuracy: 100.0%
2024-03-04 20:32:47,227 - Testing
2024-03-04 20:33:07,553 - Test accuracy: 99.7%, Avg loss: 0.02
2024-03-04 20:33:07,555 - Training iteration 96 / 100
2024-03-04 20:33:07,556 - Training...
2024-03-04 20:35:07,684 - Epoch 1 accuracy: 100.0%
2024-03-04 20:37:08,097 - Epoch 2 accuracy: 100.0%
2024-03-04 20:37:08,098 - Testing
2024-03-04 20:37:28,610 - Test accuracy: 99.6%, Avg loss: 0.01
2024-03-04 20:37:28,612 - Training iteration 97 / 100
2024-03-04 20:37:28,613 - Training...
2024-03-04 20:39:28,972 - Epoch 1 accuracy: 100.0%
2024-03-04 20:41:29,282 - Epoch 2 accuracy: 100.0%
2024-03-04 20:41:29,283 - Testing
2024-03-04 20:41:49,818 - Test accuracy: 99.6%, Avg loss: 0.01
2024-03-04 20:41:49,820 - Training iteration 98 / 100
2024-03-04 20:41:49,821 - Training...
2024-03-04 20:43:49,397 - Epoch 1 accuracy: 100.0%
2024-03-04 20:45:49,298 - Epoch 2 accuracy: 100.0%
2024-03-04 20:45:49,298 - Testing
2024-03-04 20:46:10,051 - Test accuracy: 99.7%, Avg loss: 0.02
2024-03-04 20:46:10,052 - Training iteration 99 / 100
2024-03-04 20:46:10,053 - Training...
2024-03-04 20:48:11,419 - Epoch 1 accuracy: 100.0%
2024-03-04 20:50:12,597 - Epoch 2 accuracy: 100.0%
2024-03-04 20:50:12,598 - Testing
2024-03-04 20:50:33,233 - Test accuracy: 99.6%, Avg loss: 0.02
2024-03-04 20:50:34,155 - Compute the mean and sd of activations
 20%|██        | 1/5 [7:27:28<29:49:54, 26848.50s/it]2024-03-04 21:02:18,635 - [2/5] IMP loop
2024-03-04 21:02:19,100 - Compression level: 50.1
2024-03-04 21:02:19,100 - Training iteration 0 / 100
2024-03-04 21:02:19,101 - Training...
2024-03-04 21:04:22,881 - Epoch 1 accuracy: 100.0%
