#############################
Tue 05 Mar 2024 01:50:03 PM EST
--net_train_epochs=30 --net_warmup=10
955523
2024-03-05 13:50:07,106 - Using cuda:1 device
2024-03-05 13:50:07,143 - Name of the Cuda Device: NVIDIA RTX A6000
2024-03-05 13:50:07,144 - ####### In performance experiment #######
2024-03-05 13:50:07,144 - In experiment 0 / 3
Files already downloaded and verified
Files already downloaded and verified
2024-03-05 13:50:12,225 - Warming up the pretrained model
2024-03-05 13:50:12,226 - Training...
2024-03-05 13:52:17,034 - Epoch 1 accuracy: 81.8%
2024-03-05 13:54:18,649 - Epoch 2 accuracy: 93.8%
2024-03-05 13:56:19,907 - Epoch 3 accuracy: 96.6%
2024-03-05 13:58:21,036 - Epoch 4 accuracy: 98.0%
2024-03-05 14:00:23,053 - Epoch 5 accuracy: 98.8%
2024-03-05 14:02:26,904 - Epoch 6 accuracy: 99.2%
2024-03-05 14:04:34,001 - Epoch 7 accuracy: 99.0%
2024-03-05 14:06:35,529 - Epoch 8 accuracy: 99.5%
2024-03-05 14:08:36,910 - Epoch 9 accuracy: 99.4%
2024-03-05 14:10:39,714 - Epoch 10 accuracy: 99.5%
  0%|          | 0/5 [00:00<?, ?it/s]2024-03-05 14:10:39,870 - [1/5] IMP loop
2024-03-05 14:10:40,143 - Compression level: 100.0
2024-03-05 14:10:40,143 - Training iteration 0 / 30
2024-03-05 14:10:40,144 - Training...
2024-03-05 14:12:46,763 - Epoch 1 accuracy: 99.7%
2024-03-05 14:14:48,202 - Epoch 2 accuracy: 99.7%
2024-03-05 14:14:48,203 - Testing
2024-03-05 14:15:13,220 - Test accuracy: 94.2%, Avg loss: 0.23
2024-03-05 14:15:13,222 - Training iteration 1 / 30
2024-03-05 14:15:13,223 - Training...
2024-03-05 14:17:17,431 - Epoch 1 accuracy: 99.8%
2024-03-05 14:19:20,156 - Epoch 2 accuracy: 99.8%
2024-03-05 14:19:20,157 - Testing
2024-03-05 14:19:45,782 - Test accuracy: 94.9%, Avg loss: 0.23
2024-03-05 14:19:45,784 - Training iteration 2 / 30
2024-03-05 14:19:45,785 - Training...
2024-03-05 14:21:51,486 - Epoch 1 accuracy: 99.9%
2024-03-05 14:23:58,904 - Epoch 2 accuracy: 99.9%
2024-03-05 14:23:58,905 - Testing
2024-03-05 14:24:25,046 - Test accuracy: 95.1%, Avg loss: 0.22
2024-03-05 14:24:25,048 - Training iteration 3 / 30
2024-03-05 14:24:25,049 - Training...
2024-03-05 14:26:27,928 - Epoch 1 accuracy: 99.9%
2024-03-05 14:28:30,199 - Epoch 2 accuracy: 99.9%
2024-03-05 14:28:30,199 - Testing
2024-03-05 14:28:55,476 - Test accuracy: 94.9%, Avg loss: 0.22
2024-03-05 14:28:55,477 - Training iteration 4 / 30
2024-03-05 14:28:55,478 - Training...
2024-03-05 14:30:57,471 - Epoch 1 accuracy: 99.9%
2024-03-05 14:33:03,646 - Epoch 2 accuracy: 100.0%
2024-03-05 14:33:03,647 - Testing
2024-03-05 14:33:29,700 - Test accuracy: 87.1%, Avg loss: 0.81
2024-03-05 14:33:29,702 - Training iteration 5 / 30
2024-03-05 14:33:29,703 - Training...
2024-03-05 14:35:32,032 - Epoch 1 accuracy: 99.7%
2024-03-05 14:37:34,807 - Epoch 2 accuracy: 99.9%
2024-03-05 14:37:34,808 - Testing
2024-03-05 14:38:01,075 - Test accuracy: 93.5%, Avg loss: 0.29
2024-03-05 14:38:01,076 - Training iteration 6 / 30
2024-03-05 14:38:01,077 - Training...
2024-03-05 14:40:02,217 - Epoch 1 accuracy: 99.9%
2024-03-05 14:42:03,421 - Epoch 2 accuracy: 99.9%
2024-03-05 14:42:03,422 - Testing
2024-03-05 14:42:29,601 - Test accuracy: 93.9%, Avg loss: 0.28
2024-03-05 14:42:29,603 - Training iteration 7 / 30
2024-03-05 14:42:29,604 - Training...
2024-03-05 14:44:31,573 - Epoch 1 accuracy: 99.6%
2024-03-05 14:46:38,293 - Epoch 2 accuracy: 99.8%
2024-03-05 14:46:38,294 - Testing
2024-03-05 14:47:04,499 - Test accuracy: 94.4%, Avg loss: 0.28
2024-03-05 14:47:04,501 - Training iteration 8 / 30
2024-03-05 14:47:04,502 - Training...
2024-03-05 14:49:06,418 - Epoch 1 accuracy: 99.9%
2024-03-05 14:51:07,973 - Epoch 2 accuracy: 100.0%
2024-03-05 14:51:07,973 - Testing
2024-03-05 14:51:33,256 - Test accuracy: 95.0%, Avg loss: 0.23
2024-03-05 14:51:33,257 - Training iteration 9 / 30
2024-03-05 14:51:33,258 - Training...
2024-03-05 14:53:35,370 - Epoch 1 accuracy: 100.0%
2024-03-05 14:55:40,761 - Epoch 2 accuracy: 100.0%
2024-03-05 14:55:40,762 - Testing
2024-03-05 14:56:06,809 - Test accuracy: 95.5%, Avg loss: 0.22
2024-03-05 14:56:06,810 - Training iteration 10 / 30
2024-03-05 14:56:06,811 - Training...
2024-03-05 14:58:08,984 - Epoch 1 accuracy: 100.0%
2024-03-05 15:00:10,666 - Epoch 2 accuracy: 100.0%
2024-03-05 15:00:10,667 - Testing
2024-03-05 15:00:35,568 - Test accuracy: 95.0%, Avg loss: 0.24
2024-03-05 15:00:35,569 - Training iteration 11 / 30
2024-03-05 15:00:35,570 - Training...
2024-03-05 15:02:38,709 - Epoch 1 accuracy: 100.0%
2024-03-05 15:04:40,741 - Epoch 2 accuracy: 100.0%
2024-03-05 15:04:40,742 - Testing
2024-03-05 15:05:05,868 - Test accuracy: 93.8%, Avg loss: 0.32
2024-03-05 15:05:05,870 - Training iteration 12 / 30
2024-03-05 15:05:05,872 - Training...
2024-03-05 15:07:08,632 - Epoch 1 accuracy: 100.0%
2024-03-05 15:09:10,297 - Epoch 2 accuracy: 100.0%
2024-03-05 15:09:10,298 - Testing
2024-03-05 15:09:36,721 - Test accuracy: 95.5%, Avg loss: 0.21
2024-03-05 15:09:36,723 - Training iteration 13 / 30
2024-03-05 15:09:36,724 - Training...
2024-03-05 15:11:38,474 - Epoch 1 accuracy: 100.0%
2024-03-05 15:13:40,269 - Epoch 2 accuracy: 100.0%
2024-03-05 15:13:40,270 - Testing
2024-03-05 15:14:06,398 - Test accuracy: 95.5%, Avg loss: 0.22
2024-03-05 15:14:06,399 - Training iteration 14 / 30
2024-03-05 15:14:06,400 - Training...
2024-03-05 15:16:07,897 - Epoch 1 accuracy: 100.0%
2024-03-05 15:18:10,571 - Epoch 2 accuracy: 100.0%
2024-03-05 15:18:10,572 - Testing
2024-03-05 15:18:36,831 - Test accuracy: 95.7%, Avg loss: 0.21
2024-03-05 15:18:36,833 - Training iteration 15 / 30
2024-03-05 15:18:36,834 - Training...
2024-03-05 15:20:46,667 - Epoch 1 accuracy: 100.0%
2024-03-05 15:22:48,875 - Epoch 2 accuracy: 100.0%
2024-03-05 15:22:48,876 - Testing
2024-03-05 15:23:13,706 - Test accuracy: 95.5%, Avg loss: 0.22
2024-03-05 15:23:13,708 - Training iteration 16 / 30
2024-03-05 15:23:13,709 - Training...
2024-03-05 15:25:16,083 - Epoch 1 accuracy: 100.0%
2024-03-05 15:27:17,707 - Epoch 2 accuracy: 100.0%
2024-03-05 15:27:17,708 - Testing
2024-03-05 15:27:43,500 - Test accuracy: 95.5%, Avg loss: 0.22
2024-03-05 15:27:43,502 - Training iteration 17 / 30
2024-03-05 15:27:43,503 - Training...
2024-03-05 15:29:47,373 - Epoch 1 accuracy: 100.0%
2024-03-05 15:31:52,457 - Epoch 2 accuracy: 100.0%
2024-03-05 15:31:52,458 - Testing
2024-03-05 15:32:18,794 - Test accuracy: 95.6%, Avg loss: 0.21
2024-03-05 15:32:18,796 - Training iteration 18 / 30
2024-03-05 15:32:18,797 - Training...
2024-03-05 15:34:22,272 - Epoch 1 accuracy: 100.0%
2024-03-05 15:36:24,756 - Epoch 2 accuracy: 100.0%
2024-03-05 15:36:24,757 - Testing
2024-03-05 15:36:51,140 - Test accuracy: 95.7%, Avg loss: 0.21
2024-03-05 15:36:51,142 - Training iteration 19 / 30
2024-03-05 15:36:51,143 - Training...
2024-03-05 15:38:53,864 - Epoch 1 accuracy: 100.0%
2024-03-05 15:40:58,041 - Epoch 2 accuracy: 100.0%
2024-03-05 15:40:58,042 - Testing
2024-03-05 15:41:23,808 - Test accuracy: 95.6%, Avg loss: 0.22
2024-03-05 15:41:23,809 - Training iteration 20 / 30
2024-03-05 15:41:23,810 - Training...
2024-03-05 15:43:29,803 - Epoch 1 accuracy: 100.0%
2024-03-05 15:45:31,426 - Epoch 2 accuracy: 100.0%
2024-03-05 15:45:31,427 - Testing
2024-03-05 15:45:56,747 - Test accuracy: 95.6%, Avg loss: 0.21
2024-03-05 15:45:56,749 - Training iteration 21 / 30
2024-03-05 15:45:56,750 - Training...
2024-03-05 15:48:00,181 - Epoch 1 accuracy: 100.0%
2024-03-05 15:50:03,220 - Epoch 2 accuracy: 100.0%
2024-03-05 15:50:03,221 - Testing
2024-03-05 15:50:28,516 - Test accuracy: 95.6%, Avg loss: 0.22
2024-03-05 15:50:28,518 - Training iteration 22 / 30
2024-03-05 15:50:28,519 - Training...
2024-03-05 15:52:35,809 - Epoch 1 accuracy: 100.0%
2024-03-05 15:54:37,480 - Epoch 2 accuracy: 100.0%
2024-03-05 15:54:37,481 - Testing
2024-03-05 15:55:03,812 - Test accuracy: 95.7%, Avg loss: 0.23
2024-03-05 15:55:03,814 - Training iteration 23 / 30
2024-03-05 15:55:03,815 - Training...
2024-03-05 15:57:05,376 - Epoch 1 accuracy: 100.0%
2024-03-05 15:59:07,515 - Epoch 2 accuracy: 100.0%
2024-03-05 15:59:07,516 - Testing
2024-03-05 15:59:32,815 - Test accuracy: 95.7%, Avg loss: 0.22
2024-03-05 15:59:32,817 - Training iteration 24 / 30
2024-03-05 15:59:32,818 - Training...
2024-03-05 16:01:40,629 - Epoch 1 accuracy: 100.0%
2024-03-05 16:03:42,549 - Epoch 2 accuracy: 100.0%
2024-03-05 16:03:42,549 - Testing
2024-03-05 16:04:08,047 - Test accuracy: 95.7%, Avg loss: 0.22
2024-03-05 16:04:08,049 - Training iteration 25 / 30
2024-03-05 16:04:08,050 - Training...
2024-03-05 16:06:10,476 - Epoch 1 accuracy: 100.0%
2024-03-05 16:08:12,996 - Epoch 2 accuracy: 100.0%
2024-03-05 16:08:12,997 - Testing
2024-03-05 16:08:38,717 - Test accuracy: 95.7%, Avg loss: 0.22
2024-03-05 16:08:38,719 - Training iteration 26 / 30
2024-03-05 16:08:38,720 - Training...
2024-03-05 16:10:42,796 - Epoch 1 accuracy: 100.0%
2024-03-05 16:12:52,031 - Epoch 2 accuracy: 100.0%
2024-03-05 16:12:52,032 - Testing
2024-03-05 16:13:18,735 - Test accuracy: 95.7%, Avg loss: 0.22
2024-03-05 16:13:18,737 - Training iteration 27 / 30
2024-03-05 16:13:18,738 - Training...
2024-03-05 16:15:26,646 - Epoch 1 accuracy: 100.0%
2024-03-05 16:17:36,711 - Epoch 2 accuracy: 100.0%
2024-03-05 16:17:36,711 - Testing
2024-03-05 16:18:01,949 - Test accuracy: 82.3%, Avg loss: 1.70
2024-03-05 16:18:01,951 - Training iteration 28 / 30
2024-03-05 16:18:01,952 - Training...
2024-03-05 16:20:10,057 - Epoch 1 accuracy: 99.8%
2024-03-05 16:22:20,508 - Epoch 2 accuracy: 100.0%
2024-03-05 16:22:20,508 - Testing
2024-03-05 16:22:48,027 - Test accuracy: 94.5%, Avg loss: 0.28
2024-03-05 16:22:48,028 - Training iteration 29 / 30
2024-03-05 16:22:48,028 - Training...
2024-03-05 16:24:53,297 - Epoch 1 accuracy: 100.0%
2024-03-05 16:27:07,129 - Epoch 2 accuracy: 99.9%
2024-03-05 16:27:07,130 - Testing
2024-03-05 16:27:34,570 - Test accuracy: 94.0%, Avg loss: 0.29
2024-03-05 16:27:35,734 - Compute the mean and sd of activations
 20%|██        | 1/5 [2:29:13<9:56:53, 8953.26s/it]2024-03-05 16:39:53,252 - [2/5] IMP loop
2024-03-05 16:39:53,655 - Compression level: 81.2
2024-03-05 16:39:53,655 - Training iteration 0 / 30
2024-03-05 16:39:53,656 - Training...
2024-03-05 16:42:01,863 - Epoch 1 accuracy: 100.0%
2024-03-05 16:44:08,114 - Epoch 2 accuracy: 100.0%
2024-03-05 16:44:08,115 - Testing
2024-03-05 16:44:34,189 - Test accuracy: 95.6%, Avg loss: 0.17
2024-03-05 16:44:34,191 - Training iteration 1 / 30
2024-03-05 16:44:34,191 - Training...
2024-03-05 16:46:47,133 - Epoch 1 accuracy: 100.0%
2024-03-05 16:49:54,764 - Epoch 2 accuracy: 100.0%
2024-03-05 16:49:54,765 - Testing
